<?xml version="1.0" encoding="UTF-8"?>
<testsuite name="com.intuit.tradieBid.TradieBidApplicationWinningBidTest" tests="0" skipped="0" failures="0" errors="0" timestamp="1970-01-01T00:00:00" hostname="Jamess-MBP" time="0.0">
  <properties/>
  <system-out><![CDATA[2022-02-25 22:42:48.653  INFO 97774 --- [    Test worker] .b.t.c.SpringBootTestContextBootstrapper : Neither @ContextConfiguration nor @ContextHierarchy found for test class [com.intuit.tradieBid.TradieBidApplicationWinningBidTest], using SpringBootContextLoader
2022-02-25 22:42:48.654  INFO 97774 --- [    Test worker] o.s.t.c.support.AbstractContextLoader    : Could not detect default resource locations for test class [com.intuit.tradieBid.TradieBidApplicationWinningBidTest]: no resource found for suffixes {-context.xml, Context.groovy}.
2022-02-25 22:42:48.654  INFO 97774 --- [    Test worker] t.c.s.AnnotationConfigContextLoaderUtils : Could not detect default configuration classes for test class [com.intuit.tradieBid.TradieBidApplicationWinningBidTest]: TradieBidApplicationWinningBidTest does not declare any static, non-private, non-final, nested classes annotated with @Configuration.
2022-02-25 22:42:48.657  INFO 97774 --- [    Test worker] .b.t.c.SpringBootTestContextBootstrapper : Found @SpringBootConfiguration com.intuit.tradieBid.TradieBidApplication for test class com.intuit.tradieBid.TradieBidApplicationWinningBidTest
2022-02-25 22:42:48.658  INFO 97774 --- [    Test worker] .b.t.c.SpringBootTestContextBootstrapper : Loaded default TestExecutionListener class names from location [META-INF/spring.factories]: [org.springframework.boot.test.autoconfigure.restdocs.RestDocsTestExecutionListener, org.springframework.boot.test.autoconfigure.web.client.MockRestServiceServerResetTestExecutionListener, org.springframework.boot.test.autoconfigure.web.servlet.MockMvcPrintOnlyOnFailureTestExecutionListener, org.springframework.boot.test.autoconfigure.web.servlet.WebDriverTestExecutionListener, org.springframework.boot.test.autoconfigure.webservices.client.MockWebServiceServerTestExecutionListener, org.springframework.boot.test.mock.mockito.MockitoTestExecutionListener, org.springframework.boot.test.mock.mockito.ResetMocksTestExecutionListener, org.springframework.test.context.web.ServletTestExecutionListener, org.springframework.test.context.support.DirtiesContextBeforeModesTestExecutionListener, org.springframework.test.context.event.ApplicationEventsTestExecutionListener, org.springframework.test.context.support.DependencyInjectionTestExecutionListener, org.springframework.test.context.support.DirtiesContextTestExecutionListener, org.springframework.test.context.transaction.TransactionalTestExecutionListener, org.springframework.test.context.jdbc.SqlScriptsTestExecutionListener, org.springframework.test.context.event.EventPublishingTestExecutionListener]
2022-02-25 22:42:48.659  INFO 97774 --- [    Test worker] .b.t.c.SpringBootTestContextBootstrapper : Using TestExecutionListeners: [org.springframework.test.context.web.ServletTestExecutionListener@3689699d, org.springframework.test.context.support.DirtiesContextBeforeModesTestExecutionListener@70749967, org.springframework.test.context.event.ApplicationEventsTestExecutionListener@5f400b97, org.springframework.boot.test.mock.mockito.MockitoTestExecutionListener@78b8c912, org.springframework.boot.test.autoconfigure.SpringBootDependencyInjectionTestExecutionListener@5009219, org.springframework.test.context.support.DirtiesContextTestExecutionListener@516b9c7f, org.springframework.test.context.transaction.TransactionalTestExecutionListener@e283976, org.springframework.test.context.jdbc.SqlScriptsTestExecutionListener@30e691f8, org.springframework.test.context.event.EventPublishingTestExecutionListener@31f75da7, org.springframework.boot.test.autoconfigure.restdocs.RestDocsTestExecutionListener@3c72a782, org.springframework.boot.test.autoconfigure.web.client.MockRestServiceServerResetTestExecutionListener@73dedaf3, org.springframework.boot.test.autoconfigure.web.servlet.MockMvcPrintOnlyOnFailureTestExecutionListener@77b3fc21, org.springframework.boot.test.autoconfigure.web.servlet.WebDriverTestExecutionListener@7ca29d15, org.springframework.boot.test.autoconfigure.webservices.client.MockWebServiceServerTestExecutionListener@55c57bb4, org.springframework.boot.test.mock.mockito.ResetMocksTestExecutionListener@50c92abd]
2022-02-25 22:42:48.660  INFO 97774 --- [    Test worker] ]]>&#x1f433;<![CDATA[ [postgres:latest]                     : Creating container for image: postgres:latest
2022-02-25 22:42:48.705  INFO 97774 --- [    Test worker] ]]>&#x1f433;<![CDATA[ [postgres:latest]                     : Container postgres:latest is starting: ea40c9e077b6a0c4651625e7cf71dba1cda6dc9ce1ae04566e706b710d0b4bb9
2022-02-25 22:42:50.198  INFO 97774 --- [    Test worker] ]]>&#x1f433;<![CDATA[ [postgres:latest]                     : Container postgres:latest started in PT1.53814S
2022-02-25 22:42:50.198  INFO 97774 --- [    Test worker] org.testcontainers.ext.ScriptUtils       : Executing database script from db/init_with_data.sql
2022-02-25 22:42:50.263  INFO 97774 --- [    Test worker] org.testcontainers.ext.ScriptUtils       : Executed database script from db/init_with_data.sql in 65 ms.
]]></system-out>
  <system-err><![CDATA[]]></system-err>
</testsuite>
