<?xml version="1.0" encoding="UTF-8"?>
<testsuite name="com.intuit.tradieBid.TradieBidApplicationWinningBidTest$testAppRestarts" tests="1" skipped="0" failures="0" errors="0" timestamp="2022-02-25T11:43:00" hostname="Jamess-MBP" time="3.054">
  <properties/>
  <testcase name="testStartApp_should_schedule_computing_for_all_uncompleted_jobs()" classname="com.intuit.tradieBid.TradieBidApplicationWinningBidTest$testAppRestarts" time="3.054"/>
  <system-out><![CDATA[2022-02-25 22:43:00.191  INFO 97774 --- [    Test worker] .b.t.c.SpringBootTestContextBootstrapper : Neither @ContextConfiguration nor @ContextHierarchy found for test class [com.intuit.tradieBid.TradieBidApplicationWinningBidTest$testAppRestarts], using SpringBootContextLoader
2022-02-25 22:43:00.192  INFO 97774 --- [    Test worker] o.s.t.c.support.AbstractContextLoader    : Could not detect default resource locations for test class [com.intuit.tradieBid.TradieBidApplicationWinningBidTest$testAppRestarts]: no resource found for suffixes {-context.xml, Context.groovy}.
2022-02-25 22:43:00.192  INFO 97774 --- [    Test worker] t.c.s.AnnotationConfigContextLoaderUtils : Could not detect default configuration classes for test class [com.intuit.tradieBid.TradieBidApplicationWinningBidTest$testAppRestarts]: testAppRestarts does not declare any static, non-private, non-final, nested classes annotated with @Configuration.
2022-02-25 22:43:00.194  INFO 97774 --- [    Test worker] .b.t.c.SpringBootTestContextBootstrapper : Found @SpringBootConfiguration com.intuit.tradieBid.TradieBidApplication for test class com.intuit.tradieBid.TradieBidApplicationWinningBidTest$testAppRestarts
2022-02-25 22:43:00.195  INFO 97774 --- [    Test worker] .b.t.c.SpringBootTestContextBootstrapper : Loaded default TestExecutionListener class names from location [META-INF/spring.factories]: [org.springframework.boot.test.autoconfigure.restdocs.RestDocsTestExecutionListener, org.springframework.boot.test.autoconfigure.web.client.MockRestServiceServerResetTestExecutionListener, org.springframework.boot.test.autoconfigure.web.servlet.MockMvcPrintOnlyOnFailureTestExecutionListener, org.springframework.boot.test.autoconfigure.web.servlet.WebDriverTestExecutionListener, org.springframework.boot.test.autoconfigure.webservices.client.MockWebServiceServerTestExecutionListener, org.springframework.boot.test.mock.mockito.MockitoTestExecutionListener, org.springframework.boot.test.mock.mockito.ResetMocksTestExecutionListener, org.springframework.test.context.web.ServletTestExecutionListener, org.springframework.test.context.support.DirtiesContextBeforeModesTestExecutionListener, org.springframework.test.context.event.ApplicationEventsTestExecutionListener, org.springframework.test.context.support.DependencyInjectionTestExecutionListener, org.springframework.test.context.support.DirtiesContextTestExecutionListener, org.springframework.test.context.transaction.TransactionalTestExecutionListener, org.springframework.test.context.jdbc.SqlScriptsTestExecutionListener, org.springframework.test.context.event.EventPublishingTestExecutionListener]
2022-02-25 22:43:00.196  INFO 97774 --- [    Test worker] .b.t.c.SpringBootTestContextBootstrapper : Using TestExecutionListeners: [org.springframework.test.context.web.ServletTestExecutionListener@c87bf1e, org.springframework.test.context.support.DirtiesContextBeforeModesTestExecutionListener@2118d522, org.springframework.test.context.event.ApplicationEventsTestExecutionListener@2cbfc87f, org.springframework.boot.test.mock.mockito.MockitoTestExecutionListener@6b600259, org.springframework.boot.test.autoconfigure.SpringBootDependencyInjectionTestExecutionListener@5aae2f64, org.springframework.test.context.support.DirtiesContextTestExecutionListener@3df850d6, org.springframework.test.context.transaction.TransactionalTestExecutionListener@6f568b26, org.springframework.test.context.jdbc.SqlScriptsTestExecutionListener@4cf2e5f, org.springframework.test.context.event.EventPublishingTestExecutionListener@2f31f4ad, org.springframework.boot.test.autoconfigure.restdocs.RestDocsTestExecutionListener@50306f7d, org.springframework.boot.test.autoconfigure.web.client.MockRestServiceServerResetTestExecutionListener@b64d1e6, org.springframework.boot.test.autoconfigure.web.servlet.MockMvcPrintOnlyOnFailureTestExecutionListener@76a4bb03, org.springframework.boot.test.autoconfigure.web.servlet.WebDriverTestExecutionListener@5690bde6, org.springframework.boot.test.autoconfigure.webservices.client.MockWebServiceServerTestExecutionListener@5086bce, org.springframework.boot.test.mock.mockito.ResetMocksTestExecutionListener@28ce6168]
2022-02-25 22:43:00.198  INFO 97774 --- [    Test worker] j.LocalContainerEntityManagerFactoryBean : Closing JPA EntityManagerFactory for persistence unit 'default'
2022-02-25 22:43:00.199  INFO 97774 --- [    Test worker] com.zaxxer.hikari.HikariDataSource       : HikariPool-2 - Shutdown initiated...
2022-02-25 22:43:00.201  INFO 97774 --- [    Test worker] com.zaxxer.hikari.HikariDataSource       : HikariPool-2 - Shutdown completed.

  .   ____          _            __ _ _
 /\\ / ___'_ __ _ _(_)_ __  __ _ \ \ \ \
( ( )\___ | '_ | '_| | '_ \/ _` | \ \ \ \
 \\/  ___)| |_)| | | | | || (_| |  ) ) ) )
  '  |____| .__|_| |_|_| |_\__, | / / / /
 =========|_|==============|___/=/_/_/_/
 :: Spring Boot ::                (v2.6.3)

2022-02-25 22:43:00.230  INFO 97774 --- [    Test worker] c.i.t.TradieBidApplicationWinningBidTest : Starting TradieBidApplicationWinningBidTest using Java 17.0.2 on Jamess-MBP with PID 97774 (started by james.wang in /Users/james.wang/Intuit)
2022-02-25 22:43:00.231  INFO 97774 --- [    Test worker] c.i.t.TradieBidApplicationWinningBidTest : The following profiles are active: test
2022-02-25 22:43:00.339  INFO 97774 --- [    Test worker] .s.d.r.c.RepositoryConfigurationDelegate : Bootstrapping Spring Data JPA repositories in DEFAULT mode.
2022-02-25 22:43:00.345  INFO 97774 --- [    Test worker] .s.d.r.c.RepositoryConfigurationDelegate : Finished Spring Data repository scanning in 5 ms. Found 4 JPA repository interfaces.
2022-02-25 22:43:00.425  INFO 97774 --- [    Test worker] com.zaxxer.hikari.HikariDataSource       : HikariPool-3 - Starting...
2022-02-25 22:43:00.444  INFO 97774 --- [    Test worker] com.zaxxer.hikari.HikariDataSource       : HikariPool-3 - Start completed.
2022-02-25 22:43:00.450  INFO 97774 --- [    Test worker] o.hibernate.jpa.internal.util.LogHelper  : HHH000204: Processing PersistenceUnitInfo [name: default]
2022-02-25 22:43:00.453  INFO 97774 --- [    Test worker] org.hibernate.dialect.Dialect            : HHH000400: Using dialect: org.hibernate.dialect.PostgreSQL10Dialect
2022-02-25 22:43:00.503  INFO 97774 --- [    Test worker] o.h.e.t.j.p.i.JtaPlatformInitiator       : HHH000490: Using JtaPlatform implementation: [org.hibernate.engine.transaction.jta.platform.internal.NoJtaPlatform]
2022-02-25 22:43:00.503  INFO 97774 --- [    Test worker] j.LocalContainerEntityManagerFactoryBean : Initialized JPA EntityManagerFactory for persistence unit 'default'
2022-02-25 22:43:00.573  INFO 97774 --- [    Test worker] c.i.tradieBid.service.TradieBidService   : schedule all uncompleted jobs
Hibernate: select job0_.job_id as job_id1_2_, job0_.customer_id as customer2_2_, job0_.description as descript3_2_, job0_.expected_hours as expected4_2_, job0_.to_be_bidden_by as to_be_bi5_2_, job0_.winning_bid_id as winning_6_2_ from jobs job0_ where job0_.winning_bid_id is null
Hibernate: select job0_.job_id as job_id1_2_, job0_.customer_id as customer2_2_, job0_.description as descript3_2_, job0_.expected_hours as expected4_2_, job0_.to_be_bidden_by as to_be_bi5_2_, job0_.winning_bid_id as winning_6_2_ from jobs job0_ where job0_.winning_bid_id is null
2022-02-25 22:43:00.640  WARN 97774 --- [    Test worker] JpaBaseConfiguration$JpaWebConfiguration : spring.jpa.open-in-view is enabled by default. Therefore, database queries may be performed during view rendering. Explicitly configure spring.jpa.open-in-view to disable this warning
2022-02-25 22:43:00.796  INFO 97774 --- [    Test worker] o.s.b.t.m.w.SpringBootMockServletContext : Initializing Spring TestDispatcherServlet ''
2022-02-25 22:43:00.796  INFO 97774 --- [    Test worker] o.s.t.web.servlet.TestDispatcherServlet  : Initializing Servlet ''
2022-02-25 22:43:00.796  INFO 97774 --- [    Test worker] o.s.t.web.servlet.TestDispatcherServlet  : Completed initialization in 0 ms
2022-02-25 22:43:00.802  INFO 97774 --- [    Test worker] c.i.t.TradieBidApplicationWinningBidTest : Started TradieBidApplicationWinningBidTest in 0.598 seconds (JVM running for 22.222)
2022-02-25 22:43:00.807  INFO 97774 --- [    Test worker] o.s.t.c.transaction.TransactionContext   : Began transaction (1) for test context [DefaultTestContext@57e6d476 testClass = TradieBidApplicationWinningBidTest.testAppRestarts, testInstance = com.intuit.tradieBid.TradieBidApplicationWinningBidTest$testAppRestarts@50bbad5c, testMethod = testStartApp_should_schedule_computing_for_all_uncompleted_jobs@TradieBidApplicationWinningBidTest.testAppRestarts, testException = [null], mergedContextConfiguration = [WebMergedContextConfiguration@35007ef testClass = TradieBidApplicationWinningBidTest.testAppRestarts, locations = '{}', classes = '{class com.intuit.tradieBid.TradieBidApplication}', contextInitializerClasses = '[]', activeProfiles = '{test}', propertySourceLocations = '{}', propertySourceProperties = '{org.springframework.boot.test.context.SpringBootTestContextBootstrapper=true}', contextCustomizers = set[org.springframework.boot.test.autoconfigure.actuate.metrics.MetricsExportContextCustomizerFactory$DisableMetricExportContextCustomizer@5412bfea, org.springframework.boot.test.autoconfigure.properties.PropertyMappingContextCustomizer@4b3fa0b3, org.springframework.boot.test.autoconfigure.web.servlet.WebDriverContextCustomizerFactory$Customizer@396ef8b2, [ImportsContextCustomizer@c7da8da key = [org.springframework.boot.test.autoconfigure.web.servlet.MockMvcAutoConfiguration, org.springframework.boot.test.autoconfigure.web.servlet.MockMvcWebClientAutoConfiguration, org.springframework.boot.test.autoconfigure.web.servlet.MockMvcWebDriverAutoConfiguration, org.springframework.boot.autoconfigure.security.oauth2.client.servlet.OAuth2ClientAutoConfiguration, org.springframework.boot.autoconfigure.security.oauth2.resource.servlet.OAuth2ResourceServerAutoConfiguration, org.springframework.boot.autoconfigure.security.servlet.SecurityAutoConfiguration, org.springframework.boot.autoconfigure.security.servlet.SecurityFilterAutoConfiguration, org.springframework.boot.autoconfigure.security.servlet.UserDetailsServiceAutoConfiguration, org.springframework.boot.test.autoconfigure.web.servlet.MockMvcSecurityConfiguration, org.springframework.boot.test.autoconfigure.web.reactive.WebTestClientAutoConfiguration]], org.springframework.boot.test.context.filter.ExcludeFilterContextCustomizer@7e744f43, org.springframework.boot.test.json.DuplicateJsonObjectContextCustomizerFactory$DuplicateJsonObjectContextCustomizer@35eb4a3b, org.springframework.boot.test.mock.mockito.MockitoContextCustomizer@0, org.springframework.boot.test.web.client.TestRestTemplateContextCustomizer@5a2fa51f, org.springframework.test.context.support.DynamicPropertiesContextCustomizer@f8e6f120, org.springframework.boot.test.context.SpringBootTestArgs@1, org.springframework.boot.test.context.SpringBootTestWebEnvironment@6a66a204], resourceBasePath = 'src/main/webapp', contextLoader = 'org.springframework.boot.test.context.SpringBootContextLoader', parent = [null]], attributes = map['org.springframework.test.context.web.ServletTestExecutionListener.activateListener' -> true, 'org.springframework.test.context.web.ServletTestExecutionListener.populatedRequestContextHolder' -> true, 'org.springframework.test.context.web.ServletTestExecutionListener.resetRequestContextHolder' -> true, 'org.springframework.test.context.event.ApplicationEventsTestExecutionListener.recordApplicationEvents' -> false]]; transaction manager [org.springframework.orm.jpa.JpaTransactionManager@85eca4e]; rollback [true]
Hibernate: select job0_.job_id as job_id1_2_, job0_.customer_id as customer2_2_, job0_.description as descript3_2_, job0_.expected_hours as expected4_2_, job0_.to_be_bidden_by as to_be_bi5_2_, job0_.winning_bid_id as winning_6_2_ from jobs job0_ where job0_.job_id=?
Hibernate: select bid0_.bid_id as bid_id1_0_, bid0_.fixed_price as fixed_pr2_0_, bid0_.hourly_rate as hourly_r3_0_, bid0_.job_id as job_id4_0_, bid0_.tradie_id as tradie_i5_0_ from bids bid0_ where bid0_.bid_id=?
Hibernate: select tradie0_.tradie_id as tradie_i1_3_, tradie0_.email as email2_3_, tradie0_.first_name as first_na3_3_, tradie0_.last_name as last_nam4_3_, tradie0_.mobile as mobile5_3_ from tradies tradie0_ where tradie0_.tradie_id=?
Hibernate: select customer0_.customer_id as customer1_1_, customer0_.email as email2_1_, customer0_.first_name as first_na3_1_, customer0_.last_name as last_nam4_1_, customer0_.mobile as mobile5_1_ from customers customer0_ where customer0_.customer_id=?
Hibernate: select job0_.job_id as job_id1_2_, job0_.customer_id as customer2_2_, job0_.description as descript3_2_, job0_.expected_hours as expected4_2_, job0_.to_be_bidden_by as to_be_bi5_2_, job0_.winning_bid_id as winning_6_2_ from jobs job0_ where job0_.job_id=?
2022-02-25 22:43:03.858  INFO 97774 --- [    Test worker] o.s.t.c.transaction.TransactionContext   : Rolled back transaction for test: [DefaultTestContext@57e6d476 testClass = TradieBidApplicationWinningBidTest.testAppRestarts, testInstance = com.intuit.tradieBid.TradieBidApplicationWinningBidTest$testAppRestarts@50bbad5c, testMethod = testStartApp_should_schedule_computing_for_all_uncompleted_jobs@TradieBidApplicationWinningBidTest.testAppRestarts, testException = [null], mergedContextConfiguration = [WebMergedContextConfiguration@35007ef testClass = TradieBidApplicationWinningBidTest.testAppRestarts, locations = '{}', classes = '{class com.intuit.tradieBid.TradieBidApplication}', contextInitializerClasses = '[]', activeProfiles = '{test}', propertySourceLocations = '{}', propertySourceProperties = '{org.springframework.boot.test.context.SpringBootTestContextBootstrapper=true}', contextCustomizers = set[org.springframework.boot.test.autoconfigure.actuate.metrics.MetricsExportContextCustomizerFactory$DisableMetricExportContextCustomizer@5412bfea, org.springframework.boot.test.autoconfigure.properties.PropertyMappingContextCustomizer@4b3fa0b3, org.springframework.boot.test.autoconfigure.web.servlet.WebDriverContextCustomizerFactory$Customizer@396ef8b2, [ImportsContextCustomizer@c7da8da key = [org.springframework.boot.test.autoconfigure.web.servlet.MockMvcAutoConfiguration, org.springframework.boot.test.autoconfigure.web.servlet.MockMvcWebClientAutoConfiguration, org.springframework.boot.test.autoconfigure.web.servlet.MockMvcWebDriverAutoConfiguration, org.springframework.boot.autoconfigure.security.oauth2.client.servlet.OAuth2ClientAutoConfiguration, org.springframework.boot.autoconfigure.security.oauth2.resource.servlet.OAuth2ResourceServerAutoConfiguration, org.springframework.boot.autoconfigure.security.servlet.SecurityAutoConfiguration, org.springframework.boot.autoconfigure.security.servlet.SecurityFilterAutoConfiguration, org.springframework.boot.autoconfigure.security.servlet.UserDetailsServiceAutoConfiguration, org.springframework.boot.test.autoconfigure.web.servlet.MockMvcSecurityConfiguration, org.springframework.boot.test.autoconfigure.web.reactive.WebTestClientAutoConfiguration]], org.springframework.boot.test.context.filter.ExcludeFilterContextCustomizer@7e744f43, org.springframework.boot.test.json.DuplicateJsonObjectContextCustomizerFactory$DuplicateJsonObjectContextCustomizer@35eb4a3b, org.springframework.boot.test.mock.mockito.MockitoContextCustomizer@0, org.springframework.boot.test.web.client.TestRestTemplateContextCustomizer@5a2fa51f, org.springframework.test.context.support.DynamicPropertiesContextCustomizer@f8e6f120, org.springframework.boot.test.context.SpringBootTestArgs@1, org.springframework.boot.test.context.SpringBootTestWebEnvironment@6a66a204], resourceBasePath = 'src/main/webapp', contextLoader = 'org.springframework.boot.test.context.SpringBootContextLoader', parent = [null]], attributes = map['org.springframework.test.context.web.ServletTestExecutionListener.activateListener' -> true, 'org.springframework.test.context.web.ServletTestExecutionListener.populatedRequestContextHolder' -> true, 'org.springframework.test.context.web.ServletTestExecutionListener.resetRequestContextHolder' -> true, 'org.springframework.test.context.event.ApplicationEventsTestExecutionListener.recordApplicationEvents' -> false]]
]]></system-out>
  <system-err><![CDATA[]]></system-err>
</testsuite>
